Determining if the pthread_create exist failed with the following output:
Change Dir: /home/pi/work/mjpg-streamer-master/mjpg-streamer-experimental/_build/CMakeFiles/CMakeTmp

Run Build Command:"/usr/bin/make" "cmTC_a9031/fast"
make[1]: Entering directory '/home/pi/work/mjpg-streamer-master/mjpg-streamer-experimental/_build/CMakeFiles/CMakeTmp'
/usr/bin/make -f CMakeFiles/cmTC_a9031.dir/build.make CMakeFiles/cmTC_a9031.dir/build
make[2]: Entering directory '/home/pi/work/mjpg-streamer-master/mjpg-streamer-experimental/_build/CMakeFiles/CMakeTmp'
Building C object CMakeFiles/cmTC_a9031.dir/CheckSymbolExists.c.o
/usr/bin/cc     -o CMakeFiles/cmTC_a9031.dir/CheckSymbolExists.c.o   -c /home/pi/work/mjpg-streamer-master/mjpg-streamer-experimental/_build/CMakeFiles/CMakeTmp/CheckSymbolExists.c
Linking C executable cmTC_a9031
/usr/local/bin/cmake -E cmake_link_script CMakeFiles/cmTC_a9031.dir/link.txt --verbose=1
/usr/bin/cc       CMakeFiles/cmTC_a9031.dir/CheckSymbolExists.c.o  -o cmTC_a9031 -rdynamic 
/usr/bin/ld: CMakeFiles/cmTC_a9031.dir/CheckSymbolExists.c.o: in function `main':
CheckSymbolExists.c:(.text+0x38): undefined reference to `pthread_create'
collect2: error: ld returned 1 exit status
make[2]: *** [CMakeFiles/cmTC_a9031.dir/build.make:98: cmTC_a9031] Error 1
make[2]: Leaving directory '/home/pi/work/mjpg-streamer-master/mjpg-streamer-experimental/_build/CMakeFiles/CMakeTmp'
make[1]: *** [Makefile:126: cmTC_a9031/fast] Error 2
make[1]: Leaving directory '/home/pi/work/mjpg-streamer-master/mjpg-streamer-experimental/_build/CMakeFiles/CMakeTmp'

File /home/pi/work/mjpg-streamer-master/mjpg-streamer-experimental/_build/CMakeFiles/CMakeTmp/CheckSymbolExists.c:
/* */
#include <pthread.h>

int main(int argc, char** argv)
{
  (void)argv;
#ifndef pthread_create
  return ((int*)(&pthread_create))[argc];
#else
  (void)argc;
  return 0;
#endif
}

Determining if the function pthread_create exists in the pthreads failed with the following output:
Change Dir: /home/pi/work/mjpg-streamer-master/mjpg-streamer-experimental/_build/CMakeFiles/CMakeTmp

Run Build Command:"/usr/bin/make" "cmTC_73d45/fast"
make[1]: Entering directory '/home/pi/work/mjpg-streamer-master/mjpg-streamer-experimental/_build/CMakeFiles/CMakeTmp'
/usr/bin/make -f CMakeFiles/cmTC_73d45.dir/build.make CMakeFiles/cmTC_73d45.dir/build
make[2]: Entering directory '/home/pi/work/mjpg-streamer-master/mjpg-streamer-experimental/_build/CMakeFiles/CMakeTmp'
Building C object CMakeFiles/cmTC_73d45.dir/CheckFunctionExists.c.o
/usr/bin/cc    -DCHECK_FUNCTION_EXISTS=pthread_create   -o CMakeFiles/cmTC_73d45.dir/CheckFunctionExists.c.o   -c /usr/local/share/cmake-3.5/Modules/CheckFunctionExists.c
Linking C executable cmTC_73d45
/usr/local/bin/cmake -E cmake_link_script CMakeFiles/cmTC_73d45.dir/link.txt --verbose=1
/usr/bin/cc   -DCHECK_FUNCTION_EXISTS=pthread_create    CMakeFiles/cmTC_73d45.dir/CheckFunctionExists.c.o  -o cmTC_73d45 -rdynamic -lpthreads 
/usr/bin/ld: cannot find -lpthreads
collect2: error: ld returned 1 exit status
make[2]: *** [CMakeFiles/cmTC_73d45.dir/build.make:98: cmTC_73d45] Error 1
make[2]: Leaving directory '/home/pi/work/mjpg-streamer-master/mjpg-streamer-experimental/_build/CMakeFiles/CMakeTmp'
make[1]: *** [Makefile:126: cmTC_73d45/fast] Error 2
make[1]: Leaving directory '/home/pi/work/mjpg-streamer-master/mjpg-streamer-experimental/_build/CMakeFiles/CMakeTmp'


